CRITICAL - 2025-06-24 15:05:15 --> ArgumentCountError: password_hash() expects at least 2 arguments, 1 given
[Method: POST, Route: register]
in APPPATH\Controllers\UserController.php on line 25.
 1 APPPATH\Controllers\UserController.php(25): password_hash(Object(SensitiveParameterValue))
 2 SYSTEMPATH\CodeIgniter.php(933): App\Controllers\UserController->register()
 3 SYSTEMPATH\CodeIgniter.php(507): CodeIgniter\CodeIgniter->runController(Object(App\Controllers\UserController))
 4 SYSTEMPATH\CodeIgniter.php(354): CodeIgniter\CodeIgniter->handleRequest(null, Object(Config\Cache), false)
 5 SYSTEMPATH\Boot.php(334): CodeIgniter\CodeIgniter->run()
 6 SYSTEMPATH\Boot.php(67): CodeIgniter\Boot::runCodeIgniter(Object(CodeIgniter\CodeIgniter))
 7 FCPATH\index.php(59): CodeIgniter\Boot::bootWeb(Object(Config\Paths))
 8 SYSTEMPATH\rewrite.php(44): require_once('C:\\laragon\\www\\api.warungapp\\public\\index.php')
CRITICAL - 2025-06-24 15:07:09 --> ArgumentCountError: password_hash() expects at least 2 arguments, 1 given
[Method: POST, Route: register]
in APPPATH\Controllers\UserController.php on line 25.
 1 APPPATH\Controllers\UserController.php(25): password_hash(Object(SensitiveParameterValue))
 2 SYSTEMPATH\CodeIgniter.php(933): App\Controllers\UserController->register()
 3 SYSTEMPATH\CodeIgniter.php(507): CodeIgniter\CodeIgniter->runController(Object(App\Controllers\UserController))
 4 SYSTEMPATH\CodeIgniter.php(354): CodeIgniter\CodeIgniter->handleRequest(null, Object(Config\Cache), false)
 5 SYSTEMPATH\Boot.php(334): CodeIgniter\CodeIgniter->run()
 6 SYSTEMPATH\Boot.php(67): CodeIgniter\Boot::runCodeIgniter(Object(CodeIgniter\CodeIgniter))
 7 FCPATH\index.php(59): CodeIgniter\Boot::bootWeb(Object(Config\Paths))
 8 SYSTEMPATH\rewrite.php(44): require_once('C:\\laragon\\www\\api.warungapp\\public\\index.php')
CRITICAL - 2025-06-24 15:07:40 --> CodeIgniter\Database\Exceptions\DataException: Allowed fields must be specified for model: "App\Models\UserModel"
[Method: POST, Route: register]
in SYSTEMPATH\Model.php on line 822.
 1 SYSTEMPATH\Model.php(822): CodeIgniter\Database\Exceptions\DataException::forInvalidAllowedFields('App\\Models\\UserModel')
 2 SYSTEMPATH\BaseModel.php(824): CodeIgniter\Model->doProtectFieldsForInsert([...])
 3 SYSTEMPATH\Model.php(800): CodeIgniter\BaseModel->insert([...], false)
 4 SYSTEMPATH\BaseModel.php(754): CodeIgniter\Model->insert([...], false)
 5 APPPATH\Controllers\UserController.php(33): CodeIgniter\BaseModel->save([...])
 6 SYSTEMPATH\CodeIgniter.php(933): App\Controllers\UserController->register()
 7 SYSTEMPATH\CodeIgniter.php(507): CodeIgniter\CodeIgniter->runController(Object(App\Controllers\UserController))
 8 SYSTEMPATH\CodeIgniter.php(354): CodeIgniter\CodeIgniter->handleRequest(null, Object(Config\Cache), false)
 9 SYSTEMPATH\Boot.php(334): CodeIgniter\CodeIgniter->run()
10 SYSTEMPATH\Boot.php(67): CodeIgniter\Boot::runCodeIgniter(Object(CodeIgniter\CodeIgniter))
11 FCPATH\index.php(59): CodeIgniter\Boot::bootWeb(Object(Config\Paths))
12 SYSTEMPATH\rewrite.php(44): require_once('C:\\laragon\\www\\api.warungapp\\public\\index.php')
ERROR - 2025-06-24 15:08:28 --> mysqli_sql_exception: Unknown column 'name' in 'field list' in C:\laragon\www\api.warungapp\system\Database\MySQLi\Connection.php:327
Stack trace:
#0 C:\laragon\www\api.warungapp\system\Database\MySQLi\Connection.php(327): mysqli->query('INSERT INTO `us...', 0)
#1 C:\laragon\www\api.warungapp\system\Database\BaseConnection.php(738): CodeIgniter\Database\MySQLi\Connection->execute('INSERT INTO `us...')
#2 C:\laragon\www\api.warungapp\system\Database\BaseConnection.php(652): CodeIgniter\Database\BaseConnection->simpleQuery('INSERT INTO `us...')
#3 C:\laragon\www\api.warungapp\system\Database\BaseBuilder.php(2345): CodeIgniter\Database\BaseConnection->query('INSERT INTO `us...', Array, false)
#4 C:\laragon\www\api.warungapp\system\Model.php(394): CodeIgniter\Database\BaseBuilder->insert()
#5 C:\laragon\www\api.warungapp\system\BaseModel.php(843): CodeIgniter\Model->doInsert(Array)
#6 C:\laragon\www\api.warungapp\system\Model.php(800): CodeIgniter\BaseModel->insert(Array, false)
#7 C:\laragon\www\api.warungapp\system\BaseModel.php(754): CodeIgniter\Model->insert(Array, false)
#8 C:\laragon\www\api.warungapp\app\Controllers\UserController.php(33): CodeIgniter\BaseModel->save(Array)
#9 C:\laragon\www\api.warungapp\system\CodeIgniter.php(933): App\Controllers\UserController->register()
#10 C:\laragon\www\api.warungapp\system\CodeIgniter.php(507): CodeIgniter\CodeIgniter->runController(Object(App\Controllers\UserController))
#11 C:\laragon\www\api.warungapp\system\CodeIgniter.php(354): CodeIgniter\CodeIgniter->handleRequest(NULL, Object(Config\Cache), false)
#12 C:\laragon\www\api.warungapp\system\Boot.php(334): CodeIgniter\CodeIgniter->run()
#13 C:\laragon\www\api.warungapp\system\Boot.php(67): CodeIgniter\Boot::runCodeIgniter(Object(CodeIgniter\CodeIgniter))
#14 C:\laragon\www\api.warungapp\public\index.php(59): CodeIgniter\Boot::bootWeb(Object(Config\Paths))
#15 C:\laragon\www\api.warungapp\system\rewrite.php(44): require_once('C:\\laragon\\www\\...')
#16 {main}
CRITICAL - 2025-06-24 15:08:28 --> CodeIgniter\Database\Exceptions\DatabaseException: Unknown column 'name' in 'field list'
[Method: POST, Route: register]
in SYSTEMPATH\Database\BaseConnection.php on line 692.
 1 SYSTEMPATH\Database\BaseBuilder.php(2345): CodeIgniter\Database\BaseConnection->query('INSERT INTO `users` (`name`, `email`, `password`) VALUES (:name:, :email:, :password:)', [...], false)
 2 SYSTEMPATH\Model.php(394): CodeIgniter\Database\BaseBuilder->insert()
 3 SYSTEMPATH\BaseModel.php(843): CodeIgniter\Model->doInsert([...])
 4 SYSTEMPATH\Model.php(800): CodeIgniter\BaseModel->insert([...], false)
 5 SYSTEMPATH\BaseModel.php(754): CodeIgniter\Model->insert([...], false)
 6 APPPATH\Controllers\UserController.php(33): CodeIgniter\BaseModel->save([...])
 7 SYSTEMPATH\CodeIgniter.php(933): App\Controllers\UserController->register()
 8 SYSTEMPATH\CodeIgniter.php(507): CodeIgniter\CodeIgniter->runController(Object(App\Controllers\UserController))
 9 SYSTEMPATH\CodeIgniter.php(354): CodeIgniter\CodeIgniter->handleRequest(null, Object(Config\Cache), false)
10 SYSTEMPATH\Boot.php(334): CodeIgniter\CodeIgniter->run()
11 SYSTEMPATH\Boot.php(67): CodeIgniter\Boot::runCodeIgniter(Object(CodeIgniter\CodeIgniter))
12 FCPATH\index.php(59): CodeIgniter\Boot::bootWeb(Object(Config\Paths))
13 SYSTEMPATH\rewrite.php(44): require_once('C:\\laragon\\www\\api.warungapp\\public\\index.php')
CRITICAL - 2025-06-24 15:08:28 --> [Caused by] CodeIgniter\Database\Exceptions\DatabaseException: Unknown column 'name' in 'field list'
in SYSTEMPATH\Database\MySQLi\Connection.php on line 332.
 1 SYSTEMPATH\Database\BaseConnection.php(738): CodeIgniter\Database\MySQLi\Connection->execute('INSERT INTO `users` (`name`, `email`, `password`) VALUES (\'admin\', \'admin@warungapp.com\', \'$2y$12$N48Vfa5Qx0B30E1R.rtGhuKrTPTK0dH7BrYUJpaPyAJIoGPqBOGnC\')')
 2 SYSTEMPATH\Database\BaseConnection.php(652): CodeIgniter\Database\BaseConnection->simpleQuery('INSERT INTO `users` (`name`, `email`, `password`) VALUES (\'admin\', \'admin@warungapp.com\', \'$2y$12$N48Vfa5Qx0B30E1R.rtGhuKrTPTK0dH7BrYUJpaPyAJIoGPqBOGnC\')')
 3 SYSTEMPATH\Database\BaseBuilder.php(2345): CodeIgniter\Database\BaseConnection->query('INSERT INTO `users` (`name`, `email`, `password`) VALUES (:name:, :email:, :password:)', [...], false)
 4 SYSTEMPATH\Model.php(394): CodeIgniter\Database\BaseBuilder->insert()
 5 SYSTEMPATH\BaseModel.php(843): CodeIgniter\Model->doInsert([...])
 6 SYSTEMPATH\Model.php(800): CodeIgniter\BaseModel->insert([...], false)
 7 SYSTEMPATH\BaseModel.php(754): CodeIgniter\Model->insert([...], false)
 8 APPPATH\Controllers\UserController.php(33): CodeIgniter\BaseModel->save([...])
 9 SYSTEMPATH\CodeIgniter.php(933): App\Controllers\UserController->register()
10 SYSTEMPATH\CodeIgniter.php(507): CodeIgniter\CodeIgniter->runController(Object(App\Controllers\UserController))
11 SYSTEMPATH\CodeIgniter.php(354): CodeIgniter\CodeIgniter->handleRequest(null, Object(Config\Cache), false)
12 SYSTEMPATH\Boot.php(334): CodeIgniter\CodeIgniter->run()
13 SYSTEMPATH\Boot.php(67): CodeIgniter\Boot::runCodeIgniter(Object(CodeIgniter\CodeIgniter))
14 FCPATH\index.php(59): CodeIgniter\Boot::bootWeb(Object(Config\Paths))
15 SYSTEMPATH\rewrite.php(44): require_once('C:\\laragon\\www\\api.warungapp\\public\\index.php')
CRITICAL - 2025-06-24 15:08:28 --> [Caused by] mysqli_sql_exception: Unknown column 'name' in 'field list'
in SYSTEMPATH\Database\MySQLi\Connection.php on line 327.
 1 SYSTEMPATH\Database\MySQLi\Connection.php(327): mysqli->query('INSERT INTO `users` (`name`, `email`, `password`) VALUES (\'admin\', \'admin@warungapp.com\', \'$2y$12$N48Vfa5Qx0B30E1R.rtGhuKrTPTK0dH7BrYUJpaPyAJIoGPqBOGnC\')', 0)
 2 SYSTEMPATH\Database\BaseConnection.php(738): CodeIgniter\Database\MySQLi\Connection->execute('INSERT INTO `users` (`name`, `email`, `password`) VALUES (\'admin\', \'admin@warungapp.com\', \'$2y$12$N48Vfa5Qx0B30E1R.rtGhuKrTPTK0dH7BrYUJpaPyAJIoGPqBOGnC\')')
 3 SYSTEMPATH\Database\BaseConnection.php(652): CodeIgniter\Database\BaseConnection->simpleQuery('INSERT INTO `users` (`name`, `email`, `password`) VALUES (\'admin\', \'admin@warungapp.com\', \'$2y$12$N48Vfa5Qx0B30E1R.rtGhuKrTPTK0dH7BrYUJpaPyAJIoGPqBOGnC\')')
 4 SYSTEMPATH\Database\BaseBuilder.php(2345): CodeIgniter\Database\BaseConnection->query('INSERT INTO `users` (`name`, `email`, `password`) VALUES (:name:, :email:, :password:)', [...], false)
 5 SYSTEMPATH\Model.php(394): CodeIgniter\Database\BaseBuilder->insert()
 6 SYSTEMPATH\BaseModel.php(843): CodeIgniter\Model->doInsert([...])
 7 SYSTEMPATH\Model.php(800): CodeIgniter\BaseModel->insert([...], false)
 8 SYSTEMPATH\BaseModel.php(754): CodeIgniter\Model->insert([...], false)
 9 APPPATH\Controllers\UserController.php(33): CodeIgniter\BaseModel->save([...])
10 SYSTEMPATH\CodeIgniter.php(933): App\Controllers\UserController->register()
11 SYSTEMPATH\CodeIgniter.php(507): CodeIgniter\CodeIgniter->runController(Object(App\Controllers\UserController))
12 SYSTEMPATH\CodeIgniter.php(354): CodeIgniter\CodeIgniter->handleRequest(null, Object(Config\Cache), false)
13 SYSTEMPATH\Boot.php(334): CodeIgniter\CodeIgniter->run()
14 SYSTEMPATH\Boot.php(67): CodeIgniter\Boot::runCodeIgniter(Object(CodeIgniter\CodeIgniter))
15 FCPATH\index.php(59): CodeIgniter\Boot::bootWeb(Object(Config\Paths))
16 SYSTEMPATH\rewrite.php(44): require_once('C:\\laragon\\www\\api.warungapp\\public\\index.php')
CRITICAL - 2025-06-24 15:09:14 --> CodeIgniter\Database\Exceptions\DataException: There is no data to insert.
[Method: POST, Route: register]
in SYSTEMPATH\BaseModel.php on line 829.
 1 SYSTEMPATH\BaseModel.php(829): CodeIgniter\Database\Exceptions\DataException::forEmptyDataset('insert')
 2 SYSTEMPATH\Model.php(800): CodeIgniter\BaseModel->insert([], false)
 3 SYSTEMPATH\BaseModel.php(754): CodeIgniter\Model->insert([...], false)
 4 APPPATH\Controllers\UserController.php(33): CodeIgniter\BaseModel->save([...])
 5 SYSTEMPATH\CodeIgniter.php(933): App\Controllers\UserController->register()
 6 SYSTEMPATH\CodeIgniter.php(507): CodeIgniter\CodeIgniter->runController(Object(App\Controllers\UserController))
 7 SYSTEMPATH\CodeIgniter.php(354): CodeIgniter\CodeIgniter->handleRequest(null, Object(Config\Cache), false)
 8 SYSTEMPATH\Boot.php(334): CodeIgniter\CodeIgniter->run()
 9 SYSTEMPATH\Boot.php(67): CodeIgniter\Boot::runCodeIgniter(Object(CodeIgniter\CodeIgniter))
10 FCPATH\index.php(59): CodeIgniter\Boot::bootWeb(Object(Config\Paths))
11 SYSTEMPATH\rewrite.php(44): require_once('C:\\laragon\\www\\api.warungapp\\public\\index.php')
CRITICAL - 2025-06-24 15:09:22 --> CodeIgniter\Database\Exceptions\DataException: There is no data to insert.
[Method: POST, Route: register]
in SYSTEMPATH\BaseModel.php on line 829.
 1 SYSTEMPATH\BaseModel.php(829): CodeIgniter\Database\Exceptions\DataException::forEmptyDataset('insert')
 2 SYSTEMPATH\Model.php(800): CodeIgniter\BaseModel->insert([], false)
 3 SYSTEMPATH\BaseModel.php(754): CodeIgniter\Model->insert([...], false)
 4 APPPATH\Controllers\UserController.php(33): CodeIgniter\BaseModel->save([...])
 5 SYSTEMPATH\CodeIgniter.php(933): App\Controllers\UserController->register()
 6 SYSTEMPATH\CodeIgniter.php(507): CodeIgniter\CodeIgniter->runController(Object(App\Controllers\UserController))
 7 SYSTEMPATH\CodeIgniter.php(354): CodeIgniter\CodeIgniter->handleRequest(null, Object(Config\Cache), false)
 8 SYSTEMPATH\Boot.php(334): CodeIgniter\CodeIgniter->run()
 9 SYSTEMPATH\Boot.php(67): CodeIgniter\Boot::runCodeIgniter(Object(CodeIgniter\CodeIgniter))
10 FCPATH\index.php(59): CodeIgniter\Boot::bootWeb(Object(Config\Paths))
11 SYSTEMPATH\rewrite.php(44): require_once('C:\\laragon\\www\\api.warungapp\\public\\index.php')
CRITICAL - 2025-06-24 15:09:42 --> CodeIgniter\Database\Exceptions\DataException: There is no data to insert.
[Method: POST, Route: register]
in SYSTEMPATH\BaseModel.php on line 829.
 1 SYSTEMPATH\BaseModel.php(829): CodeIgniter\Database\Exceptions\DataException::forEmptyDataset('insert')
 2 SYSTEMPATH\Model.php(800): CodeIgniter\BaseModel->insert([], false)
 3 SYSTEMPATH\BaseModel.php(754): CodeIgniter\Model->insert([...], false)
 4 APPPATH\Controllers\UserController.php(33): CodeIgniter\BaseModel->save([...])
 5 SYSTEMPATH\CodeIgniter.php(933): App\Controllers\UserController->register()
 6 SYSTEMPATH\CodeIgniter.php(507): CodeIgniter\CodeIgniter->runController(Object(App\Controllers\UserController))
 7 SYSTEMPATH\CodeIgniter.php(354): CodeIgniter\CodeIgniter->handleRequest(null, Object(Config\Cache), false)
 8 SYSTEMPATH\Boot.php(334): CodeIgniter\CodeIgniter->run()
 9 SYSTEMPATH\Boot.php(67): CodeIgniter\Boot::runCodeIgniter(Object(CodeIgniter\CodeIgniter))
10 FCPATH\index.php(59): CodeIgniter\Boot::bootWeb(Object(Config\Paths))
11 SYSTEMPATH\rewrite.php(44): require_once('C:\\laragon\\www\\api.warungapp\\public\\index.php')
CRITICAL - 2025-06-24 15:14:00 --> ArgumentCountError: Too few arguments to function App\Controllers\UserController::register(), 0 passed in C:\laragon\www\api.warungapp\system\CodeIgniter.php on line 933 and exactly 1 expected
[Method: POST, Route: register]
in APPPATH\Controllers\UserController.php on line 23.
 1 SYSTEMPATH\CodeIgniter.php(933): App\Controllers\UserController->register()
 2 SYSTEMPATH\CodeIgniter.php(507): CodeIgniter\CodeIgniter->runController(Object(App\Controllers\UserController))
 3 SYSTEMPATH\CodeIgniter.php(354): CodeIgniter\CodeIgniter->handleRequest(null, Object(Config\Cache), false)
 4 SYSTEMPATH\Boot.php(334): CodeIgniter\CodeIgniter->run()
 5 SYSTEMPATH\Boot.php(67): CodeIgniter\Boot::runCodeIgniter(Object(CodeIgniter\CodeIgniter))
 6 FCPATH\index.php(59): CodeIgniter\Boot::bootWeb(Object(Config\Paths))
 7 SYSTEMPATH\rewrite.php(44): require_once('C:\\laragon\\www\\api.warungapp\\public\\index.php')
CRITICAL - 2025-06-24 15:14:09 --> ArgumentCountError: Too few arguments to function App\Controllers\UserController::register(), 0 passed in C:\laragon\www\api.warungapp\system\CodeIgniter.php on line 933 and exactly 1 expected
[Method: POST, Route: register]
in APPPATH\Controllers\UserController.php on line 23.
 1 SYSTEMPATH\CodeIgniter.php(933): App\Controllers\UserController->register()
 2 SYSTEMPATH\CodeIgniter.php(507): CodeIgniter\CodeIgniter->runController(Object(App\Controllers\UserController))
 3 SYSTEMPATH\CodeIgniter.php(354): CodeIgniter\CodeIgniter->handleRequest(null, Object(Config\Cache), false)
 4 SYSTEMPATH\Boot.php(334): CodeIgniter\CodeIgniter->run()
 5 SYSTEMPATH\Boot.php(67): CodeIgniter\Boot::runCodeIgniter(Object(CodeIgniter\CodeIgniter))
 6 FCPATH\index.php(59): CodeIgniter\Boot::bootWeb(Object(Config\Paths))
 7 SYSTEMPATH\rewrite.php(44): require_once('C:\\laragon\\www\\api.warungapp\\public\\index.php')
CRITICAL - 2025-06-24 15:15:10 --> ArgumentCountError: Too few arguments to function App\Controllers\UserController::register(), 0 passed in C:\laragon\www\api.warungapp\system\CodeIgniter.php on line 933 and exactly 1 expected
[Method: POST, Route: register]
in APPPATH\Controllers\UserController.php on line 23.
 1 SYSTEMPATH\CodeIgniter.php(933): App\Controllers\UserController->register()
 2 SYSTEMPATH\CodeIgniter.php(507): CodeIgniter\CodeIgniter->runController(Object(App\Controllers\UserController))
 3 SYSTEMPATH\CodeIgniter.php(354): CodeIgniter\CodeIgniter->handleRequest(null, Object(Config\Cache), false)
 4 SYSTEMPATH\Boot.php(334): CodeIgniter\CodeIgniter->run()
 5 SYSTEMPATH\Boot.php(67): CodeIgniter\Boot::runCodeIgniter(Object(CodeIgniter\CodeIgniter))
 6 FCPATH\index.php(59): CodeIgniter\Boot::bootWeb(Object(Config\Paths))
 7 SYSTEMPATH\rewrite.php(44): require_once('C:\\laragon\\www\\api.warungapp\\public\\index.php')
CRITICAL - 2025-06-24 16:01:47 --> ArgumentCountError: Too few arguments to function App\Controllers\UserController::register(), 0 passed in C:\laragon\www\api.warungapp\system\CodeIgniter.php on line 933 and exactly 1 expected
[Method: POST, Route: register]
in APPPATH\Controllers\UserController.php on line 23.
 1 SYSTEMPATH\CodeIgniter.php(933): App\Controllers\UserController->register()
 2 SYSTEMPATH\CodeIgniter.php(507): CodeIgniter\CodeIgniter->runController(Object(App\Controllers\UserController))
 3 SYSTEMPATH\CodeIgniter.php(354): CodeIgniter\CodeIgniter->handleRequest(null, Object(Config\Cache), false)
 4 SYSTEMPATH\Boot.php(334): CodeIgniter\CodeIgniter->run()
 5 SYSTEMPATH\Boot.php(67): CodeIgniter\Boot::runCodeIgniter(Object(CodeIgniter\CodeIgniter))
 6 FCPATH\index.php(59): CodeIgniter\Boot::bootWeb(Object(Config\Paths))
 7 SYSTEMPATH\rewrite.php(44): require_once('C:\\laragon\\www\\api.warungapp\\public\\index.php')
CRITICAL - 2025-06-24 16:01:49 --> ArgumentCountError: Too few arguments to function App\Controllers\UserController::register(), 0 passed in C:\laragon\www\api.warungapp\system\CodeIgniter.php on line 933 and exactly 1 expected
[Method: POST, Route: register]
in APPPATH\Controllers\UserController.php on line 23.
 1 SYSTEMPATH\CodeIgniter.php(933): App\Controllers\UserController->register()
 2 SYSTEMPATH\CodeIgniter.php(507): CodeIgniter\CodeIgniter->runController(Object(App\Controllers\UserController))
 3 SYSTEMPATH\CodeIgniter.php(354): CodeIgniter\CodeIgniter->handleRequest(null, Object(Config\Cache), false)
 4 SYSTEMPATH\Boot.php(334): CodeIgniter\CodeIgniter->run()
 5 SYSTEMPATH\Boot.php(67): CodeIgniter\Boot::runCodeIgniter(Object(CodeIgniter\CodeIgniter))
 6 FCPATH\index.php(59): CodeIgniter\Boot::bootWeb(Object(Config\Paths))
 7 SYSTEMPATH\rewrite.php(44): require_once('C:\\laragon\\www\\api.warungapp\\public\\index.php')
CRITICAL - 2025-06-24 16:02:24 --> ArgumentCountError: Too few arguments to function App\Controllers\UserController::register(), 0 passed in C:\laragon\www\api.warungapp\system\CodeIgniter.php on line 933 and exactly 1 expected
[Method: POST, Route: register]
in APPPATH\Controllers\UserController.php on line 23.
 1 SYSTEMPATH\CodeIgniter.php(933): App\Controllers\UserController->register()
 2 SYSTEMPATH\CodeIgniter.php(507): CodeIgniter\CodeIgniter->runController(Object(App\Controllers\UserController))
 3 SYSTEMPATH\CodeIgniter.php(354): CodeIgniter\CodeIgniter->handleRequest(null, Object(Config\Cache), false)
 4 SYSTEMPATH\Boot.php(334): CodeIgniter\CodeIgniter->run()
 5 SYSTEMPATH\Boot.php(67): CodeIgniter\Boot::runCodeIgniter(Object(CodeIgniter\CodeIgniter))
 6 FCPATH\index.php(59): CodeIgniter\Boot::bootWeb(Object(Config\Paths))
 7 SYSTEMPATH\rewrite.php(44): require_once('C:\\laragon\\www\\api.warungapp\\public\\index.php')
CRITICAL - 2025-06-24 16:02:25 --> ArgumentCountError: Too few arguments to function App\Controllers\UserController::register(), 0 passed in C:\laragon\www\api.warungapp\system\CodeIgniter.php on line 933 and exactly 1 expected
[Method: POST, Route: register]
in APPPATH\Controllers\UserController.php on line 23.
 1 SYSTEMPATH\CodeIgniter.php(933): App\Controllers\UserController->register()
 2 SYSTEMPATH\CodeIgniter.php(507): CodeIgniter\CodeIgniter->runController(Object(App\Controllers\UserController))
 3 SYSTEMPATH\CodeIgniter.php(354): CodeIgniter\CodeIgniter->handleRequest(null, Object(Config\Cache), false)
 4 SYSTEMPATH\Boot.php(334): CodeIgniter\CodeIgniter->run()
 5 SYSTEMPATH\Boot.php(67): CodeIgniter\Boot::runCodeIgniter(Object(CodeIgniter\CodeIgniter))
 6 FCPATH\index.php(59): CodeIgniter\Boot::bootWeb(Object(Config\Paths))
 7 SYSTEMPATH\rewrite.php(44): require_once('C:\\laragon\\www\\api.warungapp\\public\\index.php')
CRITICAL - 2025-06-24 16:02:26 --> ArgumentCountError: Too few arguments to function App\Controllers\UserController::register(), 0 passed in C:\laragon\www\api.warungapp\system\CodeIgniter.php on line 933 and exactly 1 expected
[Method: POST, Route: register]
in APPPATH\Controllers\UserController.php on line 23.
 1 SYSTEMPATH\CodeIgniter.php(933): App\Controllers\UserController->register()
 2 SYSTEMPATH\CodeIgniter.php(507): CodeIgniter\CodeIgniter->runController(Object(App\Controllers\UserController))
 3 SYSTEMPATH\CodeIgniter.php(354): CodeIgniter\CodeIgniter->handleRequest(null, Object(Config\Cache), false)
 4 SYSTEMPATH\Boot.php(334): CodeIgniter\CodeIgniter->run()
 5 SYSTEMPATH\Boot.php(67): CodeIgniter\Boot::runCodeIgniter(Object(CodeIgniter\CodeIgniter))
 6 FCPATH\index.php(59): CodeIgniter\Boot::bootWeb(Object(Config\Paths))
 7 SYSTEMPATH\rewrite.php(44): require_once('C:\\laragon\\www\\api.warungapp\\public\\index.php')
CRITICAL - 2025-06-24 16:03:20 --> ArgumentCountError: Too few arguments to function App\Controllers\UserController::register(), 0 passed in C:\laragon\www\api.warungapp\system\CodeIgniter.php on line 933 and exactly 1 expected
[Method: POST, Route: register]
in APPPATH\Controllers\UserController.php on line 23.
 1 SYSTEMPATH\CodeIgniter.php(933): App\Controllers\UserController->register()
 2 SYSTEMPATH\CodeIgniter.php(507): CodeIgniter\CodeIgniter->runController(Object(App\Controllers\UserController))
 3 SYSTEMPATH\CodeIgniter.php(354): CodeIgniter\CodeIgniter->handleRequest(null, Object(Config\Cache), false)
 4 SYSTEMPATH\Boot.php(334): CodeIgniter\CodeIgniter->run()
 5 SYSTEMPATH\Boot.php(67): CodeIgniter\Boot::runCodeIgniter(Object(CodeIgniter\CodeIgniter))
 6 FCPATH\index.php(59): CodeIgniter\Boot::bootWeb(Object(Config\Paths))
 7 SYSTEMPATH\rewrite.php(44): require_once('C:\\laragon\\www\\api.warungapp\\public\\index.php')
CRITICAL - 2025-06-24 16:04:27 --> ArgumentCountError: Too few arguments to function App\Controllers\UserController::register(), 0 passed in C:\laragon\www\api.warungapp\system\CodeIgniter.php on line 933 and exactly 1 expected
[Method: POST, Route: register]
in APPPATH\Controllers\UserController.php on line 23.
 1 SYSTEMPATH\CodeIgniter.php(933): App\Controllers\UserController->register()
 2 SYSTEMPATH\CodeIgniter.php(507): CodeIgniter\CodeIgniter->runController(Object(App\Controllers\UserController))
 3 SYSTEMPATH\CodeIgniter.php(354): CodeIgniter\CodeIgniter->handleRequest(null, Object(Config\Cache), false)
 4 SYSTEMPATH\Boot.php(334): CodeIgniter\CodeIgniter->run()
 5 SYSTEMPATH\Boot.php(67): CodeIgniter\Boot::runCodeIgniter(Object(CodeIgniter\CodeIgniter))
 6 FCPATH\index.php(59): CodeIgniter\Boot::bootWeb(Object(Config\Paths))
 7 SYSTEMPATH\rewrite.php(44): require_once('C:\\laragon\\www\\api.warungapp\\public\\index.php')
CRITICAL - 2025-06-24 16:04:30 --> ArgumentCountError: Too few arguments to function App\Controllers\UserController::register(), 0 passed in C:\laragon\www\api.warungapp\system\CodeIgniter.php on line 933 and exactly 1 expected
[Method: POST, Route: register]
in APPPATH\Controllers\UserController.php on line 23.
 1 SYSTEMPATH\CodeIgniter.php(933): App\Controllers\UserController->register()
 2 SYSTEMPATH\CodeIgniter.php(507): CodeIgniter\CodeIgniter->runController(Object(App\Controllers\UserController))
 3 SYSTEMPATH\CodeIgniter.php(354): CodeIgniter\CodeIgniter->handleRequest(null, Object(Config\Cache), false)
 4 SYSTEMPATH\Boot.php(334): CodeIgniter\CodeIgniter->run()
 5 SYSTEMPATH\Boot.php(67): CodeIgniter\Boot::runCodeIgniter(Object(CodeIgniter\CodeIgniter))
 6 FCPATH\index.php(59): CodeIgniter\Boot::bootWeb(Object(Config\Paths))
 7 SYSTEMPATH\rewrite.php(44): require_once('C:\\laragon\\www\\api.warungapp\\public\\index.php')
CRITICAL - 2025-06-24 16:04:46 --> ArgumentCountError: Too few arguments to function App\Controllers\UserController::register(), 0 passed in C:\laragon\www\api.warungapp\system\CodeIgniter.php on line 933 and exactly 1 expected
[Method: POST, Route: register]
in APPPATH\Controllers\UserController.php on line 23.
 1 SYSTEMPATH\CodeIgniter.php(933): App\Controllers\UserController->register()
 2 SYSTEMPATH\CodeIgniter.php(507): CodeIgniter\CodeIgniter->runController(Object(App\Controllers\UserController))
 3 SYSTEMPATH\CodeIgniter.php(354): CodeIgniter\CodeIgniter->handleRequest(null, Object(Config\Cache), false)
 4 SYSTEMPATH\Boot.php(334): CodeIgniter\CodeIgniter->run()
 5 SYSTEMPATH\Boot.php(67): CodeIgniter\Boot::runCodeIgniter(Object(CodeIgniter\CodeIgniter))
 6 FCPATH\index.php(59): CodeIgniter\Boot::bootWeb(Object(Config\Paths))
 7 SYSTEMPATH\rewrite.php(44): require_once('C:\\laragon\\www\\api.warungapp\\public\\index.php')
CRITICAL - 2025-06-24 16:04:48 --> ArgumentCountError: Too few arguments to function App\Controllers\UserController::register(), 0 passed in C:\laragon\www\api.warungapp\system\CodeIgniter.php on line 933 and exactly 1 expected
[Method: POST, Route: register]
in APPPATH\Controllers\UserController.php on line 23.
 1 SYSTEMPATH\CodeIgniter.php(933): App\Controllers\UserController->register()
 2 SYSTEMPATH\CodeIgniter.php(507): CodeIgniter\CodeIgniter->runController(Object(App\Controllers\UserController))
 3 SYSTEMPATH\CodeIgniter.php(354): CodeIgniter\CodeIgniter->handleRequest(null, Object(Config\Cache), false)
 4 SYSTEMPATH\Boot.php(334): CodeIgniter\CodeIgniter->run()
 5 SYSTEMPATH\Boot.php(67): CodeIgniter\Boot::runCodeIgniter(Object(CodeIgniter\CodeIgniter))
 6 FCPATH\index.php(59): CodeIgniter\Boot::bootWeb(Object(Config\Paths))
 7 SYSTEMPATH\rewrite.php(44): require_once('C:\\laragon\\www\\api.warungapp\\public\\index.php')
CRITICAL - 2025-06-24 16:05:21 --> ArgumentCountError: Too few arguments to function App\Controllers\UserController::register(), 0 passed in C:\laragon\www\api.warungapp\system\CodeIgniter.php on line 933 and exactly 1 expected
[Method: POST, Route: register]
in APPPATH\Controllers\UserController.php on line 24.
 1 SYSTEMPATH\CodeIgniter.php(933): App\Controllers\UserController->register()
 2 SYSTEMPATH\CodeIgniter.php(507): CodeIgniter\CodeIgniter->runController(Object(App\Controllers\UserController))
 3 SYSTEMPATH\CodeIgniter.php(354): CodeIgniter\CodeIgniter->handleRequest(null, Object(Config\Cache), false)
 4 SYSTEMPATH\Boot.php(334): CodeIgniter\CodeIgniter->run()
 5 SYSTEMPATH\Boot.php(67): CodeIgniter\Boot::runCodeIgniter(Object(CodeIgniter\CodeIgniter))
 6 FCPATH\index.php(59): CodeIgniter\Boot::bootWeb(Object(Config\Paths))
 7 SYSTEMPATH\rewrite.php(44): require_once('C:\\laragon\\www\\api.warungapp\\public\\index.php')
CRITICAL - 2025-06-24 16:06:10 --> CodeIgniter\Database\Exceptions\DataException: There is no data to insert.
[Method: POST, Route: register]
in SYSTEMPATH\BaseModel.php on line 829.
 1 SYSTEMPATH\BaseModel.php(829): CodeIgniter\Database\Exceptions\DataException::forEmptyDataset('insert')
 2 SYSTEMPATH\Model.php(800): CodeIgniter\BaseModel->insert([], false)
 3 SYSTEMPATH\BaseModel.php(754): CodeIgniter\Model->insert([...], false)
 4 APPPATH\Controllers\UserController.php(56): CodeIgniter\BaseModel->save([...])
 5 SYSTEMPATH\CodeIgniter.php(933): App\Controllers\UserController->register()
 6 SYSTEMPATH\CodeIgniter.php(507): CodeIgniter\CodeIgniter->runController(Object(App\Controllers\UserController))
 7 SYSTEMPATH\CodeIgniter.php(354): CodeIgniter\CodeIgniter->handleRequest(null, Object(Config\Cache), false)
 8 SYSTEMPATH\Boot.php(334): CodeIgniter\CodeIgniter->run()
 9 SYSTEMPATH\Boot.php(67): CodeIgniter\Boot::runCodeIgniter(Object(CodeIgniter\CodeIgniter))
10 FCPATH\index.php(59): CodeIgniter\Boot::bootWeb(Object(Config\Paths))
11 SYSTEMPATH\rewrite.php(44): require_once('C:\\laragon\\www\\api.warungapp\\public\\index.php')
CRITICAL - 2025-06-24 16:06:14 --> CodeIgniter\Database\Exceptions\DataException: There is no data to insert.
[Method: POST, Route: register]
in SYSTEMPATH\BaseModel.php on line 829.
 1 SYSTEMPATH\BaseModel.php(829): CodeIgniter\Database\Exceptions\DataException::forEmptyDataset('insert')
 2 SYSTEMPATH\Model.php(800): CodeIgniter\BaseModel->insert([], false)
 3 SYSTEMPATH\BaseModel.php(754): CodeIgniter\Model->insert([...], false)
 4 APPPATH\Controllers\UserController.php(56): CodeIgniter\BaseModel->save([...])
 5 SYSTEMPATH\CodeIgniter.php(933): App\Controllers\UserController->register()
 6 SYSTEMPATH\CodeIgniter.php(507): CodeIgniter\CodeIgniter->runController(Object(App\Controllers\UserController))
 7 SYSTEMPATH\CodeIgniter.php(354): CodeIgniter\CodeIgniter->handleRequest(null, Object(Config\Cache), false)
 8 SYSTEMPATH\Boot.php(334): CodeIgniter\CodeIgniter->run()
 9 SYSTEMPATH\Boot.php(67): CodeIgniter\Boot::runCodeIgniter(Object(CodeIgniter\CodeIgniter))
10 FCPATH\index.php(59): CodeIgniter\Boot::bootWeb(Object(Config\Paths))
11 SYSTEMPATH\rewrite.php(44): require_once('C:\\laragon\\www\\api.warungapp\\public\\index.php')
CRITICAL - 2025-06-24 16:06:28 --> CodeIgniter\Database\Exceptions\DataException: There is no data to insert.
[Method: POST, Route: register]
in SYSTEMPATH\BaseModel.php on line 829.
 1 SYSTEMPATH\BaseModel.php(829): CodeIgniter\Database\Exceptions\DataException::forEmptyDataset('insert')
 2 SYSTEMPATH\Model.php(800): CodeIgniter\BaseModel->insert([], false)
 3 SYSTEMPATH\BaseModel.php(754): CodeIgniter\Model->insert([...], false)
 4 APPPATH\Controllers\UserController.php(56): CodeIgniter\BaseModel->save([...])
 5 SYSTEMPATH\CodeIgniter.php(933): App\Controllers\UserController->register()
 6 SYSTEMPATH\CodeIgniter.php(507): CodeIgniter\CodeIgniter->runController(Object(App\Controllers\UserController))
 7 SYSTEMPATH\CodeIgniter.php(354): CodeIgniter\CodeIgniter->handleRequest(null, Object(Config\Cache), false)
 8 SYSTEMPATH\Boot.php(334): CodeIgniter\CodeIgniter->run()
 9 SYSTEMPATH\Boot.php(67): CodeIgniter\Boot::runCodeIgniter(Object(CodeIgniter\CodeIgniter))
10 FCPATH\index.php(59): CodeIgniter\Boot::bootWeb(Object(Config\Paths))
11 SYSTEMPATH\rewrite.php(44): require_once('C:\\laragon\\www\\api.warungapp\\public\\index.php')
CRITICAL - 2025-06-24 16:07:19 --> CodeIgniter\Database\Exceptions\DataException: There is no data to insert.
[Method: POST, Route: register]
in SYSTEMPATH\BaseModel.php on line 829.
 1 SYSTEMPATH\BaseModel.php(829): CodeIgniter\Database\Exceptions\DataException::forEmptyDataset('insert')
 2 SYSTEMPATH\Model.php(800): CodeIgniter\BaseModel->insert([], false)
 3 SYSTEMPATH\BaseModel.php(754): CodeIgniter\Model->insert([...], false)
 4 APPPATH\Controllers\UserController.php(56): CodeIgniter\BaseModel->save([...])
 5 SYSTEMPATH\CodeIgniter.php(933): App\Controllers\UserController->register()
 6 SYSTEMPATH\CodeIgniter.php(507): CodeIgniter\CodeIgniter->runController(Object(App\Controllers\UserController))
 7 SYSTEMPATH\CodeIgniter.php(354): CodeIgniter\CodeIgniter->handleRequest(null, Object(Config\Cache), false)
 8 SYSTEMPATH\Boot.php(334): CodeIgniter\CodeIgniter->run()
 9 SYSTEMPATH\Boot.php(67): CodeIgniter\Boot::runCodeIgniter(Object(CodeIgniter\CodeIgniter))
10 FCPATH\index.php(59): CodeIgniter\Boot::bootWeb(Object(Config\Paths))
11 SYSTEMPATH\rewrite.php(44): require_once('C:\\laragon\\www\\api.warungapp\\public\\index.php')
CRITICAL - 2025-06-24 16:07:22 --> CodeIgniter\Database\Exceptions\DataException: There is no data to insert.
[Method: POST, Route: register]
in SYSTEMPATH\BaseModel.php on line 829.
 1 SYSTEMPATH\BaseModel.php(829): CodeIgniter\Database\Exceptions\DataException::forEmptyDataset('insert')
 2 SYSTEMPATH\Model.php(800): CodeIgniter\BaseModel->insert([], false)
 3 SYSTEMPATH\BaseModel.php(754): CodeIgniter\Model->insert([...], false)
 4 APPPATH\Controllers\UserController.php(56): CodeIgniter\BaseModel->save([...])
 5 SYSTEMPATH\CodeIgniter.php(933): App\Controllers\UserController->register()
 6 SYSTEMPATH\CodeIgniter.php(507): CodeIgniter\CodeIgniter->runController(Object(App\Controllers\UserController))
 7 SYSTEMPATH\CodeIgniter.php(354): CodeIgniter\CodeIgniter->handleRequest(null, Object(Config\Cache), false)
 8 SYSTEMPATH\Boot.php(334): CodeIgniter\CodeIgniter->run()
 9 SYSTEMPATH\Boot.php(67): CodeIgniter\Boot::runCodeIgniter(Object(CodeIgniter\CodeIgniter))
10 FCPATH\index.php(59): CodeIgniter\Boot::bootWeb(Object(Config\Paths))
11 SYSTEMPATH\rewrite.php(44): require_once('C:\\laragon\\www\\api.warungapp\\public\\index.php')
CRITICAL - 2025-06-24 16:08:12 --> CodeIgniter\Database\Exceptions\DataException: There is no data to insert.
[Method: POST, Route: register]
in SYSTEMPATH\BaseModel.php on line 829.
 1 SYSTEMPATH\BaseModel.php(829): CodeIgniter\Database\Exceptions\DataException::forEmptyDataset('insert')
 2 SYSTEMPATH\Model.php(800): CodeIgniter\BaseModel->insert([], false)
 3 SYSTEMPATH\BaseModel.php(754): CodeIgniter\Model->insert([...], false)
 4 APPPATH\Controllers\UserController.php(56): CodeIgniter\BaseModel->save([...])
 5 SYSTEMPATH\CodeIgniter.php(933): App\Controllers\UserController->register()
 6 SYSTEMPATH\CodeIgniter.php(507): CodeIgniter\CodeIgniter->runController(Object(App\Controllers\UserController))
 7 SYSTEMPATH\CodeIgniter.php(354): CodeIgniter\CodeIgniter->handleRequest(null, Object(Config\Cache), false)
 8 SYSTEMPATH\Boot.php(334): CodeIgniter\CodeIgniter->run()
 9 SYSTEMPATH\Boot.php(67): CodeIgniter\Boot::runCodeIgniter(Object(CodeIgniter\CodeIgniter))
10 FCPATH\index.php(59): CodeIgniter\Boot::bootWeb(Object(Config\Paths))
11 SYSTEMPATH\rewrite.php(44): require_once('C:\\laragon\\www\\api.warungapp\\public\\index.php')
CRITICAL - 2025-06-24 16:08:18 --> CodeIgniter\Database\Exceptions\DataException: There is no data to insert.
[Method: POST, Route: register]
in SYSTEMPATH\BaseModel.php on line 829.
 1 SYSTEMPATH\BaseModel.php(829): CodeIgniter\Database\Exceptions\DataException::forEmptyDataset('insert')
 2 SYSTEMPATH\Model.php(800): CodeIgniter\BaseModel->insert([], false)
 3 SYSTEMPATH\BaseModel.php(754): CodeIgniter\Model->insert([...], false)
 4 APPPATH\Controllers\UserController.php(53): CodeIgniter\BaseModel->save([...])
 5 SYSTEMPATH\CodeIgniter.php(933): App\Controllers\UserController->register()
 6 SYSTEMPATH\CodeIgniter.php(507): CodeIgniter\CodeIgniter->runController(Object(App\Controllers\UserController))
 7 SYSTEMPATH\CodeIgniter.php(354): CodeIgniter\CodeIgniter->handleRequest(null, Object(Config\Cache), false)
 8 SYSTEMPATH\Boot.php(334): CodeIgniter\CodeIgniter->run()
 9 SYSTEMPATH\Boot.php(67): CodeIgniter\Boot::runCodeIgniter(Object(CodeIgniter\CodeIgniter))
10 FCPATH\index.php(59): CodeIgniter\Boot::bootWeb(Object(Config\Paths))
11 SYSTEMPATH\rewrite.php(44): require_once('C:\\laragon\\www\\api.warungapp\\public\\index.php')
CRITICAL - 2025-06-24 16:08:46 --> CodeIgniter\Database\Exceptions\DataException: There is no data to insert.
[Method: POST, Route: register]
in SYSTEMPATH\BaseModel.php on line 829.
 1 SYSTEMPATH\BaseModel.php(829): CodeIgniter\Database\Exceptions\DataException::forEmptyDataset('insert')
 2 SYSTEMPATH\Model.php(800): CodeIgniter\BaseModel->insert([], false)
 3 SYSTEMPATH\BaseModel.php(754): CodeIgniter\Model->insert([...], false)
 4 APPPATH\Controllers\UserController.php(56): CodeIgniter\BaseModel->save([...])
 5 SYSTEMPATH\CodeIgniter.php(933): App\Controllers\UserController->register()
 6 SYSTEMPATH\CodeIgniter.php(507): CodeIgniter\CodeIgniter->runController(Object(App\Controllers\UserController))
 7 SYSTEMPATH\CodeIgniter.php(354): CodeIgniter\CodeIgniter->handleRequest(null, Object(Config\Cache), false)
 8 SYSTEMPATH\Boot.php(334): CodeIgniter\CodeIgniter->run()
 9 SYSTEMPATH\Boot.php(67): CodeIgniter\Boot::runCodeIgniter(Object(CodeIgniter\CodeIgniter))
10 FCPATH\index.php(59): CodeIgniter\Boot::bootWeb(Object(Config\Paths))
11 SYSTEMPATH\rewrite.php(44): require_once('C:\\laragon\\www\\api.warungapp\\public\\index.php')
CRITICAL - 2025-06-24 16:10:16 --> CodeIgniter\Database\Exceptions\DataException: There is no data to insert.
[Method: POST, Route: register]
in SYSTEMPATH\BaseModel.php on line 829.
 1 SYSTEMPATH\BaseModel.php(829): CodeIgniter\Database\Exceptions\DataException::forEmptyDataset('insert')
 2 SYSTEMPATH\Model.php(800): CodeIgniter\BaseModel->insert([], false)
 3 SYSTEMPATH\BaseModel.php(754): CodeIgniter\Model->insert([...], false)
 4 APPPATH\Controllers\UserController.php(56): CodeIgniter\BaseModel->save([...])
 5 SYSTEMPATH\CodeIgniter.php(933): App\Controllers\UserController->register()
 6 SYSTEMPATH\CodeIgniter.php(507): CodeIgniter\CodeIgniter->runController(Object(App\Controllers\UserController))
 7 SYSTEMPATH\CodeIgniter.php(354): CodeIgniter\CodeIgniter->handleRequest(null, Object(Config\Cache), false)
 8 SYSTEMPATH\Boot.php(334): CodeIgniter\CodeIgniter->run()
 9 SYSTEMPATH\Boot.php(67): CodeIgniter\Boot::runCodeIgniter(Object(CodeIgniter\CodeIgniter))
10 FCPATH\index.php(59): CodeIgniter\Boot::bootWeb(Object(Config\Paths))
11 SYSTEMPATH\rewrite.php(44): require_once('C:\\laragon\\www\\api.warungapp\\public\\index.php')
CRITICAL - 2025-06-24 16:10:17 --> CodeIgniter\Database\Exceptions\DataException: There is no data to insert.
[Method: POST, Route: register]
in SYSTEMPATH\BaseModel.php on line 829.
 1 SYSTEMPATH\BaseModel.php(829): CodeIgniter\Database\Exceptions\DataException::forEmptyDataset('insert')
 2 SYSTEMPATH\Model.php(800): CodeIgniter\BaseModel->insert([], false)
 3 SYSTEMPATH\BaseModel.php(754): CodeIgniter\Model->insert([...], false)
 4 APPPATH\Controllers\UserController.php(56): CodeIgniter\BaseModel->save([...])
 5 SYSTEMPATH\CodeIgniter.php(933): App\Controllers\UserController->register()
 6 SYSTEMPATH\CodeIgniter.php(507): CodeIgniter\CodeIgniter->runController(Object(App\Controllers\UserController))
 7 SYSTEMPATH\CodeIgniter.php(354): CodeIgniter\CodeIgniter->handleRequest(null, Object(Config\Cache), false)
 8 SYSTEMPATH\Boot.php(334): CodeIgniter\CodeIgniter->run()
 9 SYSTEMPATH\Boot.php(67): CodeIgniter\Boot::runCodeIgniter(Object(CodeIgniter\CodeIgniter))
10 FCPATH\index.php(59): CodeIgniter\Boot::bootWeb(Object(Config\Paths))
11 SYSTEMPATH\rewrite.php(44): require_once('C:\\laragon\\www\\api.warungapp\\public\\index.php')
CRITICAL - 2025-06-24 16:10:22 --> CodeIgniter\Database\Exceptions\DataException: There is no data to insert.
[Method: POST, Route: register]
in SYSTEMPATH\BaseModel.php on line 829.
 1 SYSTEMPATH\BaseModel.php(829): CodeIgniter\Database\Exceptions\DataException::forEmptyDataset('insert')
 2 SYSTEMPATH\Model.php(800): CodeIgniter\BaseModel->insert([], false)
 3 SYSTEMPATH\BaseModel.php(754): CodeIgniter\Model->insert([...], false)
 4 APPPATH\Controllers\UserController.php(56): CodeIgniter\BaseModel->save([...])
 5 SYSTEMPATH\CodeIgniter.php(933): App\Controllers\UserController->register()
 6 SYSTEMPATH\CodeIgniter.php(507): CodeIgniter\CodeIgniter->runController(Object(App\Controllers\UserController))
 7 SYSTEMPATH\CodeIgniter.php(354): CodeIgniter\CodeIgniter->handleRequest(null, Object(Config\Cache), false)
 8 SYSTEMPATH\Boot.php(334): CodeIgniter\CodeIgniter->run()
 9 SYSTEMPATH\Boot.php(67): CodeIgniter\Boot::runCodeIgniter(Object(CodeIgniter\CodeIgniter))
10 FCPATH\index.php(59): CodeIgniter\Boot::bootWeb(Object(Config\Paths))
11 SYSTEMPATH\rewrite.php(44): require_once('C:\\laragon\\www\\api.warungapp\\public\\index.php')
CRITICAL - 2025-06-24 16:13:32 --> ErrorException: Undefined array key 0
[Method: POST, Route: register]
in APPPATH\Controllers\UserController.php on line 54.
 1 APPPATH\Controllers\UserController.php(54): CodeIgniter\Debug\Exceptions->errorHandler(2, 'Undefined array key 0', 'C:\\laragon\\www\\api.warungapp\\app\\Controllers\\UserController.php', 54)
 2 SYSTEMPATH\CodeIgniter.php(933): App\Controllers\UserController->register()
 3 SYSTEMPATH\CodeIgniter.php(507): CodeIgniter\CodeIgniter->runController(Object(App\Controllers\UserController))
 4 SYSTEMPATH\CodeIgniter.php(354): CodeIgniter\CodeIgniter->handleRequest(null, Object(Config\Cache), false)
 5 SYSTEMPATH\Boot.php(334): CodeIgniter\CodeIgniter->run()
 6 SYSTEMPATH\Boot.php(67): CodeIgniter\Boot::runCodeIgniter(Object(CodeIgniter\CodeIgniter))
 7 FCPATH\index.php(59): CodeIgniter\Boot::bootWeb(Object(Config\Paths))
 8 SYSTEMPATH\rewrite.php(44): require_once('C:\\laragon\\www\\api.warungapp\\public\\index.php')
CRITICAL - 2025-06-24 16:13:56 --> CodeIgniter\Database\Exceptions\DataException: There is no data to insert.
[Method: POST, Route: register]
in SYSTEMPATH\BaseModel.php on line 829.
 1 SYSTEMPATH\BaseModel.php(829): CodeIgniter\Database\Exceptions\DataException::forEmptyDataset('insert')
 2 SYSTEMPATH\Model.php(800): CodeIgniter\BaseModel->insert([], false)
 3 SYSTEMPATH\BaseModel.php(754): CodeIgniter\Model->insert([...], false)
 4 APPPATH\Controllers\UserController.php(56): CodeIgniter\BaseModel->save([...])
 5 SYSTEMPATH\CodeIgniter.php(933): App\Controllers\UserController->register()
 6 SYSTEMPATH\CodeIgniter.php(507): CodeIgniter\CodeIgniter->runController(Object(App\Controllers\UserController))
 7 SYSTEMPATH\CodeIgniter.php(354): CodeIgniter\CodeIgniter->handleRequest(null, Object(Config\Cache), false)
 8 SYSTEMPATH\Boot.php(334): CodeIgniter\CodeIgniter->run()
 9 SYSTEMPATH\Boot.php(67): CodeIgniter\Boot::runCodeIgniter(Object(CodeIgniter\CodeIgniter))
10 FCPATH\index.php(59): CodeIgniter\Boot::bootWeb(Object(Config\Paths))
11 SYSTEMPATH\rewrite.php(44): require_once('C:\\laragon\\www\\api.warungapp\\public\\index.php')
CRITICAL - 2025-06-24 16:18:33 --> TypeError: App\Controllers\UserController::register(): Return value must be of type CodeIgniter\HTTP\RequestInterface, CodeIgniter\HTTP\Response returned
[Method: POST, Route: register]
in APPPATH\Controllers\UserController.php on line 91.
 1 SYSTEMPATH\CodeIgniter.php(933): App\Controllers\UserController->register()
 2 SYSTEMPATH\CodeIgniter.php(507): CodeIgniter\CodeIgniter->runController(Object(App\Controllers\UserController))
 3 SYSTEMPATH\CodeIgniter.php(354): CodeIgniter\CodeIgniter->handleRequest(null, Object(Config\Cache), false)
 4 SYSTEMPATH\Boot.php(334): CodeIgniter\CodeIgniter->run()
 5 SYSTEMPATH\Boot.php(67): CodeIgniter\Boot::runCodeIgniter(Object(CodeIgniter\CodeIgniter))
 6 FCPATH\index.php(59): CodeIgniter\Boot::bootWeb(Object(Config\Paths))
 7 SYSTEMPATH\rewrite.php(44): require_once('C:\\laragon\\www\\api.warungapp\\public\\index.php')
